[0729/153847.488:ERROR:process_info.cc(329)] VirtualQueryEx: 액세스가 거부되었습니다. (0x5)
[0729/153847.488:ERROR:process_info.cc(556)] ReadMemoryInfo failed
[0729/153847.488:ERROR:process_memory_win.cc(39)] Failed to initialize ProcessInfo.
[0729/153847.488:ERROR:scoped_process_suspend.cc(40)] NtResumeProcess: 기존 프로세스에 액세스하려고 했습니다. (0xc000010a)
[0804/153038.494:ERROR:process_reader_win.cc(151)] SuspendThread: 액세스가 거부되었습니다. (0x5)
[0804/153038.497:ERROR:exception_snapshot_win.cc(98)] thread ID 50560 not found in process
[0804/153038.497:ERROR:scoped_process_suspend.cc(40)] NtResumeProcess: 기존 프로세스에 액세스하려고 했습니다. (0xc000010a)
[0811/111515.465:ERROR:process_info.cc(329)] VirtualQueryEx: 액세스가 거부되었습니다. (0x5)
[0811/111515.467:ERROR:process_info.cc(556)] ReadMemoryInfo failed
[0811/111515.467:ERROR:scoped_process_suspend.cc(40)] NtResumeProcess: 기존 프로세스에 액세스하려고 했습니다. (0xc000010a)
[0811/113405.504:ERROR:process_info.cc(329)] VirtualQueryEx: 액세스가 거부되었습니다. (0x5)
[0811/113405.505:ERROR:process_info.cc(556)] ReadMemoryInfo failed
[0811/113405.505:ERROR:scoped_process_suspend.cc(40)] NtResumeProcess: 기존 프로세스에 액세스하려고 했습니다. (0xc000010a)
[0811/114032.655:ERROR:process_info.cc(329)] VirtualQueryEx: 액세스가 거부되었습니다. (0x5)
[0811/114032.656:ERROR:process_info.cc(556)] ReadMemoryInfo failed
[0811/114032.656:ERROR:scoped_process_suspend.cc(40)] NtResumeProcess: 기존 프로세스에 액세스하려고 했습니다. (0xc000010a)
[0811/114743.373:ERROR:process_info.cc(329)] VirtualQueryEx: 액세스가 거부되었습니다. (0x5)
[0811/114743.374:ERROR:process_info.cc(556)] ReadMemoryInfo failed
[0811/114743.374:ERROR:scoped_process_suspend.cc(40)] NtResumeProcess: 기존 프로세스에 액세스하려고 했습니다. (0xc000010a)
[0907/110118.817:ERROR:process_info.cc(329)] VirtualQueryEx: 액세스가 거부되었습니다. (0x5)
[0907/110118.820:ERROR:process_info.cc(556)] ReadMemoryInfo failed
[0907/110118.820:ERROR:scoped_process_suspend.cc(40)] NtResumeProcess: 기존 프로세스에 액세스하려고 했습니다. (0xc000010a)
