[0720/145802.462:ERROR:process_reader_win.cc(151)] SuspendThread: 액세스가 거부되었습니다. (0x5)
[0720/145802.462:ERROR:exception_snapshot_win.cc(98)] thread ID 4464 not found in process
[0720/145802.462:ERROR:scoped_process_suspend.cc(40)] NtResumeProcess: 기존 프로세스에 액세스하려고 했습니다. (0xc000010a)
[0720/155120.838:ERROR:process_info.cc(329)] VirtualQueryEx: 액세스가 거부되었습니다. (0x5)
[0720/155120.839:ERROR:process_info.cc(556)] ReadMemoryInfo failed
[0720/155120.839:ERROR:scoped_process_suspend.cc(40)] NtResumeProcess: 기존 프로세스에 액세스하려고 했습니다. (0xc000010a)
[0720/160547.739:ERROR:process_info.cc(329)] VirtualQueryEx: 액세스가 거부되었습니다. (0x5)
[0720/160547.740:ERROR:process_info.cc(556)] ReadMemoryInfo failed
[0720/160547.740:ERROR:process_memory_win.cc(39)] Failed to initialize ProcessInfo.
[0720/160547.740:ERROR:scoped_process_suspend.cc(40)] NtResumeProcess: 기존 프로세스에 액세스하려고 했습니다. (0xc000010a)
[0720/160911.139:ERROR:process_info.cc(329)] VirtualQueryEx: 액세스가 거부되었습니다. (0x5)
[0720/160911.140:ERROR:process_info.cc(556)] ReadMemoryInfo failed
[0720/160911.140:ERROR:scoped_process_suspend.cc(40)] NtResumeProcess: 기존 프로세스에 액세스하려고 했습니다. (0xc000010a)
[0720/161448.635:ERROR:process_info.cc(329)] VirtualQueryEx: 액세스가 거부되었습니다. (0x5)
[0720/161448.636:ERROR:process_info.cc(556)] ReadMemoryInfo failed
[0720/161448.636:ERROR:scoped_process_suspend.cc(40)] NtResumeProcess: 기존 프로세스에 액세스하려고 했습니다. (0xc000010a)
[0720/163013.081:ERROR:process_info.cc(329)] VirtualQueryEx: 액세스가 거부되었습니다. (0x5)
[0720/163013.082:ERROR:process_info.cc(556)] ReadMemoryInfo failed
[0720/163013.082:ERROR:process_memory_win.cc(39)] Failed to initialize ProcessInfo.
[0720/163013.082:ERROR:scoped_process_suspend.cc(40)] NtResumeProcess: 기존 프로세스에 액세스하려고 했습니다. (0xc000010a)
[0720/163200.954:ERROR:process_info.cc(329)] VirtualQueryEx: 액세스가 거부되었습니다. (0x5)
[0720/163200.955:ERROR:process_info.cc(556)] ReadMemoryInfo failed
[0720/163200.955:ERROR:process_memory_win.cc(39)] Failed to initialize ProcessInfo.
[0720/163200.955:ERROR:scoped_process_suspend.cc(40)] NtResumeProcess: 기존 프로세스에 액세스하려고 했습니다. (0xc000010a)
[0720/163519.442:ERROR:process_info.cc(329)] VirtualQueryEx: 액세스가 거부되었습니다. (0x5)
[0720/163519.442:ERROR:process_info.cc(556)] ReadMemoryInfo failed
[0720/163519.442:ERROR:process_memory_win.cc(39)] Failed to initialize ProcessInfo.
[0720/163519.442:ERROR:scoped_process_suspend.cc(40)] NtResumeProcess: 기존 프로세스에 액세스하려고 했습니다. (0xc000010a)
[0720/164157.286:ERROR:process_info.cc(329)] VirtualQueryEx: 액세스가 거부되었습니다. (0x5)
[0720/164157.286:ERROR:process_info.cc(556)] ReadMemoryInfo failed
[0720/164157.286:ERROR:process_memory_win.cc(39)] Failed to initialize ProcessInfo.
[0720/164157.286:ERROR:scoped_process_suspend.cc(40)] NtResumeProcess: 기존 프로세스에 액세스하려고 했습니다. (0xc000010a)
[0720/185338.343:ERROR:process_info.cc(329)] VirtualQueryEx: 액세스가 거부되었습니다. (0x5)
[0720/185338.343:ERROR:process_info.cc(556)] ReadMemoryInfo failed
[0720/185338.343:ERROR:process_memory_win.cc(39)] Failed to initialize ProcessInfo.
[0720/185338.343:ERROR:scoped_process_suspend.cc(40)] NtResumeProcess: 기존 프로세스에 액세스하려고 했습니다. (0xc000010a)
[0721/093335.746:ERROR:process_info.cc(329)] VirtualQueryEx: 액세스가 거부되었습니다. (0x5)
[0721/093335.748:ERROR:process_info.cc(556)] ReadMemoryInfo failed
[0721/093335.748:ERROR:process_memory_win.cc(39)] Failed to initialize ProcessInfo.
[0721/093335.748:ERROR:scoped_process_suspend.cc(40)] NtResumeProcess: 기존 프로세스에 액세스하려고 했습니다. (0xc000010a)
[0721/102403.314:ERROR:process_info.cc(329)] VirtualQueryEx: 액세스가 거부되었습니다. (0x5)
[0721/102403.315:ERROR:process_info.cc(556)] ReadMemoryInfo failed
[0721/102403.315:ERROR:process_memory_win.cc(39)] Failed to initialize ProcessInfo.
[0721/102403.315:ERROR:scoped_process_suspend.cc(40)] NtResumeProcess: 기존 프로세스에 액세스하려고 했습니다. (0xc000010a)
[0721/104613.853:ERROR:process_info.cc(329)] VirtualQueryEx: 액세스가 거부되었습니다. (0x5)
[0721/104613.853:ERROR:process_info.cc(556)] ReadMemoryInfo failed
[0721/104613.853:ERROR:scoped_process_suspend.cc(40)] NtResumeProcess: 기존 프로세스에 액세스하려고 했습니다. (0xc000010a)
[0721/150634.721:ERROR:process_info.cc(329)] VirtualQueryEx: 액세스가 거부되었습니다. (0x5)
[0721/150634.721:ERROR:process_info.cc(556)] ReadMemoryInfo failed
[0721/150634.721:ERROR:scoped_process_suspend.cc(40)] NtResumeProcess: 기존 프로세스에 액세스하려고 했습니다. (0xc000010a)
[0721/151506.954:ERROR:process_reader_win.cc(151)] SuspendThread: 액세스가 거부되었습니다. (0x5)
[0721/151506.954:ERROR:exception_snapshot_win.cc(98)] thread ID 6456 not found in process
[0721/151506.954:ERROR:scoped_process_suspend.cc(40)] NtResumeProcess: 기존 프로세스에 액세스하려고 했습니다. (0xc000010a)
[0722/175910.411:ERROR:process_info.cc(329)] VirtualQueryEx: 액세스가 거부되었습니다. (0x5)
[0722/175910.414:ERROR:process_info.cc(556)] ReadMemoryInfo failed
[0722/175910.414:ERROR:scoped_process_suspend.cc(40)] NtResumeProcess: 기존 프로세스에 액세스하려고 했습니다. (0xc000010a)
